0 info it worked if it ends with ok
1 verbose cli [ 'C:\\Program Files\\nodejs\\node.exe',
1 verbose cli   'C:\\Users\\gkoyalk\\AppData\\Roaming\\npm\\node_modules\\npm\\bin\\npm-cli.js',
1 verbose cli   'install',
1 verbose cli   'graphael' ]
2 info using npm@3.10.8
3 info using node@v6.9.2
4 silly loadCurrentTree Starting
5 silly install loadCurrentTree
6 silly install readLocalPackageData
7 silly fetchPackageMetaData graphael
8 silly fetchNamedPackageData graphael
9 silly mapToRegistry name graphael
10 silly mapToRegistry using default registry
11 silly mapToRegistry registry https://registry.npmjs.org/
12 silly mapToRegistry data Result {
12 silly mapToRegistry   raw: 'graphael',
12 silly mapToRegistry   scope: null,
12 silly mapToRegistry   escapedName: 'graphael',
12 silly mapToRegistry   name: 'graphael',
12 silly mapToRegistry   rawSpec: '',
12 silly mapToRegistry   spec: 'latest',
12 silly mapToRegistry   type: 'tag' }
13 silly mapToRegistry uri https://registry.npmjs.org/graphael
14 verbose request uri https://registry.npmjs.org/graphael
15 verbose request no auth needed
16 info attempt registry request try #1 at 2:48:53 PM
17 verbose request id 1958dd51d535e437
18 http request GET https://registry.npmjs.org/graphael
19 http 200 https://registry.npmjs.org/graphael
20 verbose headers { server: 'nginx/1.10.3',
20 verbose headers   'content-type': 'application/json',
20 verbose headers   'last-modified': 'Sun, 30 Dec 2012 06:54:03 GMT',
20 verbose headers   etag: 'W/"50dfe50b-d33"',
20 verbose headers   'content-encoding': 'gzip',
20 verbose headers   'cache-control': 'max-age=300',
20 verbose headers   'content-length': '916',
20 verbose headers   'accept-ranges': 'bytes',
20 verbose headers   date: 'Sun, 16 Jul 2017 09:18:55 GMT',
20 verbose headers   via: '1.1 varnish',
20 verbose headers   age: '0',
20 verbose headers   connection: 'keep-alive',
20 verbose headers   'x-served-by': 'cache-sin18022-SIN',
20 verbose headers   'x-cache': 'MISS',
20 verbose headers   'x-cache-hits': '0',
20 verbose headers   'x-timer': 'S1500196735.283945,VS0,VE157',
20 verbose headers   vary: 'Accept-Encoding, Accept' }
21 silly get cb [ 200,
21 silly get   { server: 'nginx/1.10.3',
21 silly get     'content-type': 'application/json',
21 silly get     'last-modified': 'Sun, 30 Dec 2012 06:54:03 GMT',
21 silly get     etag: 'W/"50dfe50b-d33"',
21 silly get     'content-encoding': 'gzip',
21 silly get     'cache-control': 'max-age=300',
21 silly get     'content-length': '916',
21 silly get     'accept-ranges': 'bytes',
21 silly get     date: 'Sun, 16 Jul 2017 09:18:55 GMT',
21 silly get     via: '1.1 varnish',
21 silly get     age: '0',
21 silly get     connection: 'keep-alive',
21 silly get     'x-served-by': 'cache-sin18022-SIN',
21 silly get     'x-cache': 'MISS',
21 silly get     'x-cache-hits': '0',
21 silly get     'x-timer': 'S1500196735.283945,VS0,VE157',
21 silly get     vary: 'Accept-Encoding, Accept' } ]
22 verbose get saving graphael to C:\Users\gkoyalk\AppData\Roaming\npm-cache\registry.npmjs.org\graphael\.cache.json
23 verbose correctMkdir C:\Users\gkoyalk\AppData\Roaming\npm-cache correctMkdir not in flight; initializing
24 silly install normalizeTree
25 silly loadCurrentTree Finishing
26 silly loadIdealTree Starting
27 silly install loadIdealTree
28 silly cloneCurrentTree Starting
29 silly install cloneCurrentTreeToIdealTree
30 silly cloneCurrentTree Finishing
31 silly loadShrinkwrap Starting
32 silly install loadShrinkwrap
33 silly loadShrinkwrap Finishing
34 silly loadAllDepsIntoIdealTree Starting
35 silly install loadAllDepsIntoIdealTree
36 silly resolveWithNewModule graphael@1.2.0 checking installable status
37 silly cache add args [ 'graphael', null ]
38 verbose cache add spec graphael
39 silly cache add parsed spec Result {
39 silly cache add   raw: 'graphael',
39 silly cache add   scope: null,
39 silly cache add   escapedName: 'graphael',
39 silly cache add   name: 'graphael',
39 silly cache add   rawSpec: '',
39 silly cache add   spec: 'latest',
39 silly cache add   type: 'tag' }
40 silly addNamed graphael@latest
41 verbose addNamed "latest" is being treated as a dist-tag for graphael
42 info addNameTag [ 'graphael', 'latest' ]
43 silly mapToRegistry name graphael
44 silly mapToRegistry using default registry
45 silly mapToRegistry registry https://registry.npmjs.org/
46 silly mapToRegistry data Result {
46 silly mapToRegistry   raw: 'graphael',
46 silly mapToRegistry   scope: null,
46 silly mapToRegistry   escapedName: 'graphael',
46 silly mapToRegistry   name: 'graphael',
46 silly mapToRegistry   rawSpec: '',
46 silly mapToRegistry   spec: 'latest',
46 silly mapToRegistry   type: 'tag' }
47 silly mapToRegistry uri https://registry.npmjs.org/graphael
48 verbose addNameTag registry:https://registry.npmjs.org/graphael not in flight; fetching
49 verbose get https://registry.npmjs.org/graphael not expired, no request
50 silly addNameTag next cb for graphael with tag latest
51 silly addNamed graphael@1.2.0
52 verbose addNamed "1.2.0" is a plain semver version for graphael
53 silly mapToRegistry name graphael
54 silly mapToRegistry using default registry
55 silly mapToRegistry registry https://registry.npmjs.org/
56 silly mapToRegistry data Result {
56 silly mapToRegistry   raw: 'graphael',
56 silly mapToRegistry   scope: null,
56 silly mapToRegistry   escapedName: 'graphael',
56 silly mapToRegistry   name: 'graphael',
56 silly mapToRegistry   rawSpec: '',
56 silly mapToRegistry   spec: 'latest',
56 silly mapToRegistry   type: 'tag' }
57 silly mapToRegistry uri https://registry.npmjs.org/graphael
58 verbose addRemoteTarball https://registry.npmjs.org/graphael/-/graphael-1.2.0.tgz not in flight; adding
59 verbose addRemoteTarball [ 'https://registry.npmjs.org/graphael/-/graphael-1.2.0.tgz',
59 verbose addRemoteTarball   '69e7a4ccf21e5ad942bf6957a811bcef1207176a' ]
60 info retry fetch attempt 1 at 2:48:54 PM
61 info attempt registry request try #1 at 2:48:54 PM
62 http fetch GET https://registry.npmjs.org/graphael/-/graphael-1.2.0.tgz
63 http fetch 200 https://registry.npmjs.org/graphael/-/graphael-1.2.0.tgz
64 silly fetchAndShaCheck shasum 69e7a4ccf21e5ad942bf6957a811bcef1207176a
65 verbose addTmpTarball C:\Users\gkoyalk\AppData\Local\Temp\npm-16008-74969f6f\registry.npmjs.org\graphael\-\graphael-1.2.0.tgz not in flight; adding
66 verbose addTmpTarball already have metadata; skipping unpack for graphael@1.2.0
67 verbose correctMkdir C:\Users\gkoyalk\AppData\Roaming\npm-cache correctMkdir not in flight; initializing
68 silly cache afterAdd graphael@1.2.0
69 verbose afterAdd C:\Users\gkoyalk\AppData\Roaming\npm-cache\graphael\1.2.0\package\package.json not in flight; writing
70 verbose correctMkdir C:\Users\gkoyalk\AppData\Roaming\npm-cache correctMkdir not in flight; initializing
71 verbose afterAdd C:\Users\gkoyalk\AppData\Roaming\npm-cache\graphael\1.2.0\package\package.json written
72 silly loadAllDepsIntoIdealTree Finishing
73 silly loadIdealTree Finishing
74 silly currentTree raphaelbubblechart@1.0.0
74 silly currentTree +-- angular@1.6.5
74 silly currentTree +-- eve-raphael@0.5.0
74 silly currentTree +-- jquery@3.2.1
74 silly currentTree `-- raphael@2.2.7
75 silly idealTree raphaelbubblechart@1.0.0
75 silly idealTree +-- angular@1.6.5
75 silly idealTree +-- eve-raphael@0.5.0
75 silly idealTree +-- graphael@1.2.0
75 silly idealTree +-- jquery@3.2.1
75 silly idealTree `-- raphael@2.2.7
76 silly generateActionsToTake Starting
77 silly install generateActionsToTake
78 silly generateActionsToTake Finishing
79 silly diffTrees action count 1
80 silly diffTrees add graphael@1.2.0
81 silly decomposeActions action count 8
82 silly decomposeActions fetch graphael@1.2.0
83 silly decomposeActions extract graphael@1.2.0
84 silly decomposeActions test graphael@1.2.0
85 silly decomposeActions preinstall graphael@1.2.0
86 silly decomposeActions build graphael@1.2.0
87 silly decomposeActions install graphael@1.2.0
88 silly decomposeActions postinstall graphael@1.2.0
89 silly decomposeActions finalize graphael@1.2.0
90 silly runTopLevelLifecycles Starting
91 silly executeActions Starting
92 silly install executeActions
93 silly doSerial global-install 0
94 silly doParallel fetch 1
95 verbose correctMkdir C:\Users\gkoyalk\AppData\Roaming\npm-cache\_locks correctMkdir not in flight; initializing
96 verbose lock using C:\Users\gkoyalk\AppData\Roaming\npm-cache\_locks\staging-45b49a36a8106f31.lock for C:\Users\gkoyalk\Desktop\RaphaelBubbleChart\node_modules\.staging
97 silly doParallel extract 1
98 silly extract graphael@1.2.0
99 verbose unbuild node_modules\.staging\graphael-8f44efc6
100 silly gentlyRm C:\Users\gkoyalk\Desktop\RaphaelBubbleChart\node_modules\.staging\graphael-8f44efc6 is being purged from base C:\Users\gkoyalk\Desktop\RaphaelBubbleChart
101 verbose gentlyRm don't care about contents; nuking C:\Users\gkoyalk\Desktop\RaphaelBubbleChart\node_modules\.staging\graphael-8f44efc6
102 verbose tar unpack C:\Users\gkoyalk\AppData\Roaming\npm-cache\graphael\1.2.0\package.tgz
103 verbose tar unpacking to C:\Users\gkoyalk\Desktop\RaphaelBubbleChart\node_modules\.staging\graphael-8f44efc6
104 silly gentlyRm C:\Users\gkoyalk\Desktop\RaphaelBubbleChart\node_modules\.staging\graphael-8f44efc6 is being purged
105 verbose gentlyRm don't care about contents; nuking C:\Users\gkoyalk\Desktop\RaphaelBubbleChart\node_modules\.staging\graphael-8f44efc6
106 silly gunzTarPerm modes [ '777', '666' ]
107 silly gunzTarPerm extractEntry package.json
108 silly gunzTarPerm modified mode [ 'package.json', 420, 438 ]
109 silly gunzTarPerm extractEntry .npmignore
110 silly gunzTarPerm modified mode [ '.npmignore', 420, 438 ]
111 silly gunzTarPerm extractEntry README.md
112 silly gunzTarPerm modified mode [ 'README.md', 420, 438 ]
113 silly gunzTarPerm extractEntry Makefile
114 silly gunzTarPerm modified mode [ 'Makefile', 420, 438 ]
115 silly gunzTarPerm extractEntry src/lib/g.bar.js
116 silly gunzTarPerm modified mode [ 'src/lib/g.bar.js', 420, 438 ]
117 silly gunzTarPerm extractEntry src/lib/g.dot.js
118 silly gunzTarPerm modified mode [ 'src/lib/g.dot.js', 420, 438 ]
119 silly gunzTarPerm extractEntry src/lib/g.line.js
120 silly gunzTarPerm modified mode [ 'src/lib/g.line.js', 420, 438 ]
121 silly gunzTarPerm extractEntry src/lib/g.pie.js
122 silly gunzTarPerm modified mode [ 'src/lib/g.pie.js', 420, 438 ]
123 silly gunzTarPerm extractEntry src/lib/g.raphael.js
124 silly gunzTarPerm modified mode [ 'src/lib/g.raphael.js', 420, 438 ]
125 silly gunzTarPerm extractEntry src/lib/main.js
126 silly gunzTarPerm modified mode [ 'src/lib/main.js', 420, 438 ]
127 silly gunzTarPerm extractEntry src/lib/raphael.js
128 silly gunzTarPerm modified mode [ 'src/lib/raphael.js', 420, 438 ]
129 silly gentlyRm C:\Users\gkoyalk\Desktop\RaphaelBubbleChart\node_modules\.staging\graphael-8f44efc6\node_modules is being purged
130 verbose gentlyRm don't care about contents; nuking C:\Users\gkoyalk\Desktop\RaphaelBubbleChart\node_modules\.staging\graphael-8f44efc6\node_modules
131 silly doParallel preinstall 1
132 silly preinstall graphael@1.2.0 C:\Users\gkoyalk\Desktop\RaphaelBubbleChart\node_modules\.staging\graphael-8f44efc6
133 info lifecycle graphael@1.2.0~preinstall: graphael@1.2.0
134 silly lifecycle graphael@1.2.0~preinstall: no script for preinstall, continuing
135 silly doReverseSerial remove 0
136 silly doSerial move 0
137 silly doSerial finalize 1
138 silly finalize C:\Users\gkoyalk\Desktop\RaphaelBubbleChart\node_modules\graphael
139 silly doSerial build 1
140 silly build graphael@1.2.0
141 info linkStuff graphael@1.2.0
142 silly linkStuff graphael@1.2.0 has C:\Users\gkoyalk\Desktop\RaphaelBubbleChart\node_modules as its parent node_modules
143 verbose linkBins graphael@1.2.0
144 verbose linkMans graphael@1.2.0
145 silly doSerial global-link 0
146 silly doParallel update-linked 0
147 silly doSerial install 1
148 silly install graphael@1.2.0 C:\Users\gkoyalk\Desktop\RaphaelBubbleChart\node_modules\.staging\graphael-8f44efc6
149 info lifecycle graphael@1.2.0~install: graphael@1.2.0
150 silly lifecycle graphael@1.2.0~install: no script for install, continuing
151 silly doSerial postinstall 1
152 silly postinstall graphael@1.2.0 C:\Users\gkoyalk\Desktop\RaphaelBubbleChart\node_modules\.staging\graphael-8f44efc6
153 info lifecycle graphael@1.2.0~postinstall: graphael@1.2.0
154 verbose lifecycle graphael@1.2.0~postinstall: unsafe-perm in lifecycle true
155 verbose lifecycle graphael@1.2.0~postinstall: PATH: C:\Users\gkoyalk\AppData\Roaming\npm\node_modules\npm\bin\node-gyp-bin;C:\Users\gkoyalk\Desktop\RaphaelBubbleChart\node_modules\graphael\node_modules\.bin;C:\Users\gkoyalk\Desktop\RaphaelBubbleChart\node_modules\.bin;C:\Users\gkoyalk\AppData\Roaming\npm;C:\Program Files\nodejs\;C:\Windows\system32;C:\Windows;C:\Windows\System32\Wbem;C:\Windows\System32\WindowsPowerShell\v1.0\;C:\Windows\System32\WindowsPowerShell\v1.0\;C:\Program Files (x86)\Symantec\VIP Access Client\;C:\Program Files\CREDANT\Shield v7.1\;C:\Program Files\TortoiseSVN\bin;C:\Program Files\Git\cmd;C:\Windows\system32\config\systemprofile\.dnx\bin;C:\Program Files\Microsoft DNX\Dnvm\;C:\Program Files (x86)\Windows Kits\8.1\Windows Performance Toolkit\;C:\Program Files\Microsoft SQL Server\120\Tools\Binn\;C:\Program Files\Microsoft SQL Server\130\Tools\Binn\;C:\HashiCorp\Vagrant\bin;C:\Program Files (x86)\Java\jdk1.7.0_25\bin;C:\Program Files (x86)\Teradata\Client\13.10\bin\;C:\Program Files (x86)\Teradata\Client\13.10\ODBC Driver for Teradata\Lib\;C:\Program Files (x86)\Teradata\Client\13.10\Shared ICU Libraries for Teradata\lib\;C:\Program Files (x86)\Teradata\Client\13.10\CLIv2\;C:\Program Files\nodejs\;C:\Program Files (x86)\Skype\Phone\;C:\Program Files\McAfee\Solidcore\Tools\GatherInfo;C:\Program Files\McAfee\Solidcore\Tools\Scanalyzer;C:\Program Files\McAfee\Solidcore\;C:\Program Files\McAfee\Solidcore\Tools\ScGetCerts;C:\Windows\system32;C:\Windows;C:\Windows\System32\Wbem;C:\Windows\System32\WindowsPowerShell\v1.0\;C:\Windows\System32\WindowsPowerShell\v1.0\;C:\Program Files (x86)\Symantec\VIP Access Client\;C:\Program Files\CREDANT\Shield v7.1\;C:\Program Files\TortoiseSVN\bin;C:\Program Files (x86)\Skype\Phone\;C:\Program Files\nodejs\;C:\Users\gkoyalk\AppData\Roaming\npm
156 verbose lifecycle graphael@1.2.0~postinstall: CWD: C:\Users\gkoyalk\Desktop\RaphaelBubbleChart\node_modules\graphael
157 silly lifecycle graphael@1.2.0~postinstall: Args: [ '/d /s /c', 'make' ]
158 silly lifecycle graphael@1.2.0~postinstall: Returned: code: 1  signal: null
159 info lifecycle graphael@1.2.0~postinstall: Failed to exec postinstall script
160 verbose unlock done using C:\Users\gkoyalk\AppData\Roaming\npm-cache\_locks\staging-45b49a36a8106f31.lock for C:\Users\gkoyalk\Desktop\RaphaelBubbleChart\node_modules\.staging
161 silly rollbackFailedOptional Starting
162 silly rollbackFailedOptional Finishing
163 silly runTopLevelLifecycles Finishing
164 silly install printInstalled
165 warn raphaelbubblechart@1.0.0 No description
166 verbose If you need help, you may report this error at:
166 verbose     <https://github.com/npm/npm/issues>
167 warn raphaelbubblechart@1.0.0 No repository field.
168 verbose If you need help, you may report this error at:
168 verbose     <https://github.com/npm/npm/issues>
169 verbose stack Error: graphael@1.2.0 postinstall: `make`
169 verbose stack Exit status 1
169 verbose stack     at EventEmitter.<anonymous> (C:\Users\gkoyalk\AppData\Roaming\npm\node_modules\npm\lib\utils\lifecycle.js:255:16)
169 verbose stack     at emitTwo (events.js:106:13)
169 verbose stack     at EventEmitter.emit (events.js:191:7)
169 verbose stack     at ChildProcess.<anonymous> (C:\Users\gkoyalk\AppData\Roaming\npm\node_modules\npm\lib\utils\spawn.js:40:14)
169 verbose stack     at emitTwo (events.js:106:13)
169 verbose stack     at ChildProcess.emit (events.js:191:7)
169 verbose stack     at maybeClose (internal/child_process.js:877:16)
169 verbose stack     at Process.ChildProcess._handle.onexit (internal/child_process.js:226:5)
170 verbose pkgid graphael@1.2.0
171 verbose cwd C:\Users\gkoyalk\Desktop\RaphaelBubbleChart
172 error Windows_NT 6.1.7601
173 error argv "C:\\Program Files\\nodejs\\node.exe" "C:\\Users\\gkoyalk\\AppData\\Roaming\\npm\\node_modules\\npm\\bin\\npm-cli.js" "install" "graphael"
174 error node v6.9.2
175 error npm  v3.10.8
176 error code ELIFECYCLE
177 error graphael@1.2.0 postinstall: `make`
177 error Exit status 1
178 error Failed at the graphael@1.2.0 postinstall script 'make'.
178 error Make sure you have the latest version of node.js and npm installed.
178 error If you do, this is most likely a problem with the graphael package,
178 error not with npm itself.
178 error Tell the author that this fails on your system:
178 error     make
178 error You can get information on how to open an issue for this project with:
178 error     npm bugs graphael
178 error Or if that isn't available, you can get their info via:
178 error     npm owner ls graphael
178 error There is likely additional logging output above.
179 verbose exit [ 1, true ]
